<?xml version="1.0" encoding="UTF-8"?>
<testng-results skipped="0" failed="0" ignored="0" total="1" passed="1">
  <reporter-output>
  </reporter-output>
  <suite name="Suite" duration-ms="8359" started-at="2020-05-06T02:11:00 IST" finished-at="2020-05-06T02:11:09 IST">
    <groups>
    </groups>
    <test name="Test" duration-ms="8359" started-at="2020-05-06T02:11:00 IST" finished-at="2020-05-06T02:11:09 IST">
      <class name="Test.Tests">
        <test-method status="PASS" signature="browser_config(java.lang.String)[pri:0, instance:Test.Tests@5700d6b1]" name="browser_config" is-config="true" duration-ms="7794" started-at="2020-05-06T02:11:00 IST" finished-at="2020-05-06T02:11:08 IST">
          <params>
            <param index="0">
              <value>
                <![CDATA[https://ui.cogmento.com]]>
              </value>
            </param>
          </params>
          <reporter-output>
          </reporter-output>
        </test-method> <!-- browser_config -->
        <test-method status="PASS" signature="Login()[pri:0, instance:Test.Tests@5700d6b1]" name="Login" duration-ms="440" started-at="2020-05-06T02:11:08 IST" finished-at="2020-05-06T02:11:09 IST">
          <reporter-output>
          </reporter-output>
        </test-method> <!-- Login -->
        <test-method status="PASS" signature="close()[pri:0, instance:Test.Tests@5700d6b1]" name="close" is-config="true" duration-ms="78" started-at="2020-05-06T02:11:09 IST" finished-at="2020-05-06T02:11:09 IST">
          <reporter-output>
          </reporter-output>
        </test-method> <!-- close -->
      </class> <!-- Test.Tests -->
    </test> <!-- Test -->
  </suite> <!-- Suite -->
</testng-results>
